<?xml version="1.0" encoding="UTF-8"?>
<!-- Generated by org.testng.reporters.JUnitXMLReporter -->
<testsuite hostname="EMACBOOK-34" name="Fonebooth Automation Test script" tests="1" failures="1" timestamp="28 Mar 2016 06:59:56 GMT" time="80.56" errors="0">
  <testcase name="loginTest" time="48.601" classname="com.apps.testScripts.FoneboothAuto">
    <failure type="java.lang.AssertionError" message="validation failed">
      <![CDATA[java.lang.AssertionError: validation failed
	at com.apps.testScripts.FoneboothAuto.loginTest(FoneboothAuto.java:145)
... Removed 25 stack frames]]>
    </failure>
  </testcase> <!-- loginTest -->
</testsuite> <!-- Fonebooth Automation Test script -->
